[debug] [2025-04-02T13:23:53.666Z] : 
[debug] [2025-04-02T13:23:53.674Z] : ----------------------------------------------------------------------
[debug] [2025-04-02T13:23:53.674Z] : Command:      C:\Program Files\nodejs\node.exe C:\Users\harih\AppData\Roaming\npm\node_modules\zcatalyst-cli\lib\bin\catalyst.js init
[debug] [2025-04-02T13:23:53.674Z] : CLI Version:  1.17.6
[debug] [2025-04-02T13:23:53.675Z] : Platform:     win32
[debug] [2025-04-02T13:23:53.676Z] : Node Version: v22.14.0
[debug] [2025-04-02T13:23:53.676Z] : Time:         Wed Apr 02 2025 18:53:53 GMT+0530 (India Standard Time)
[debug] [2025-04-02T13:23:53.676Z] : ----------------------------------------------------------------------
[debug] [2025-04-02T13:23:53.676Z] : 
[debug] [2025-04-02T13:23:54.771Z] : > authorizing via signed-in user option
[debug] [2025-04-02T13:23:54.771Z] : > command requires scopes: ["ZohoCatalyst.projects.ALL","ZohoCatalyst.projects.ALL","Stratus.sdkop.CREATE","Stratus.sdkop.READ","ZohoCatalyst.project.import.CREATE"]
[info] [2025-04-02T13:23:54.802Z] : 
      ___  
      \  \     ____           _             _                 _   
   ___ \  \   / ___|   __ _  | |_    __ _  | |  _   _   ___  | |_ 
  /  / /  /  | |      / _` | | __|  / _` | | | | | | | / __| | __|
 /  / /__/   | |___  | (_| | | |_  | (_| | | | | |_| | \__ \ | |_ 
 \  \         \____|  \__,_|  \__|  \__,_| |_|  \__, | |___/  \__|
  \__\                                          |___/       

You're about to initialize a Catalyst project in this directory:

  D:\reactjs front\my-react-app

Before we get started, keep in mind:

  * You are currently outside your home directory

[debug] [2025-04-02T13:23:56.613Z] : >>>> HTTP REQUEST : GET https://api.catalyst.zoho.com/baas/v1/orgs 

[debug] [2025-04-02T13:23:57.734Z] : <<<< HTTP RESPONSE : 200
Response Headers: {"server":"ZGS","date":"Wed, 02 Apr 2025 13:23:56 GMT","content-type":"application/vnd.catalyst.v2+json","transfer-encoding":"chunked","connection":"keep-alive","set-cookie":["zalb_46512fd555=c3d5ec374d3dc932973a3d50f55d8d00; Path=/; Secure; HttpOnly","ZD_CSRF_TOKEN=f701fc44-53c1-417f-9e3f-a2b2a52a9a8e;path=/;SameSite=None;Secure;priority=high","_zcsr_tmp=f701fc44-53c1-417f-9e3f-a2b2a52a9a8e;path=/;SameSite=Strict;Secure;priority=high"],"x-content-type-options":"nosniff","cache-control":"private,no-cache,no-store,max-age=0,must-revalidate","pragma":"no-cache","expires":"Thu, 01 Jan 1970 00:00:00 GMT","x-frame-options":"DENY","strict-transport-security":"max-age=64072000; includeSubDomains; preload"}

[info] [2025-04-02T13:23:57.737Z] : i Setting up a new default project for this folder

[debug] [2025-04-02T13:23:57.739Z] : >>>> HTTP REQUEST : GET https://api.catalyst.zoho.com/baas/v1/project 

[debug] [2025-04-02T13:23:58.185Z] : <<<< HTTP RESPONSE : 200
Response Headers: {"server":"ZGS","date":"Wed, 02 Apr 2025 13:23:57 GMT","content-type":"application/vnd.catalyst.v2+json","transfer-encoding":"chunked","connection":"keep-alive","set-cookie":["zalb_46512fd555=bbdfb771565421abbe10f7a180903d28; Path=/; Secure; HttpOnly","ZD_CSRF_TOKEN=a6c7b0a4-b5ca-4278-a1f3-b1e3f16040d2;path=/;SameSite=None;Secure;priority=high","_zcsr_tmp=a6c7b0a4-b5ca-4278-a1f3-b1e3f16040d2;path=/;SameSite=Strict;Secure;priority=high"],"x-content-type-options":"nosniff","cache-control":"private,no-cache,no-store,max-age=0,must-revalidate","pragma":"no-cache","expires":"Thu, 01 Jan 1970 00:00:00 GMT","x-frame-options":"DENY","strict-transport-security":"max-age=64072000; includeSubDomains; preload"}

